d:\c++_save\2d_render\2d_render\debug\bitmapclass.obj
d:\c++_save\2d_render\2d_render\debug\cameraclass.obj
d:\c++_save\2d_render\2d_render\debug\cpuclass.obj
d:\c++_save\2d_render\2d_render\debug\d3dclass.obj
d:\c++_save\2d_render\2d_render\debug\fontclass.obj
d:\c++_save\2d_render\2d_render\debug\fpsclass.obj
d:\c++_save\2d_render\2d_render\debug\graphicsclass.obj
d:\c++_save\2d_render\2d_render\debug\inputclass.obj
d:\c++_save\2d_render\2d_render\debug\main.obj
d:\c++_save\2d_render\2d_render\debug\soundclass.obj
d:\c++_save\2d_render\2d_render\debug\systemclass.obj
d:\c++_save\2d_render\2d_render\debug\textclass.obj
d:\c++_save\2d_render\2d_render\debug\textureclass.obj
d:\c++_save\2d_render\2d_render\debug\fontshaderclass.obj
d:\c++_save\2d_render\2d_render\debug\timeclass.obj
d:\c++_save\2d_render\2d_render\debug\vc100.pdb
d:\c++_save\2d_render\2d_render\debug\2016_11_19.ilk
d:\c++_save\2d_render\2d_render\debug\2016_11_19.exe
d:\c++_save\2d_render\2d_render\debug\2016_11_19.exe.intermediate.manifest
d:\c++_save\2d_render\2d_render\debug\2016_11_19.pdb
d:\c++_save\2d_render\2d_render\debug\2016_11_19.exe.embed.manifest
d:\c++_save\2d_render\2d_render\debug\2016_11_19.exe.embed.manifest.res
d:\c++_save\2d_render\2d_render\debug\cl.command.1.tlog
d:\c++_save\2d_render\2d_render\debug\cl.read.1.tlog
d:\c++_save\2d_render\2d_render\debug\cl.write.1.tlog
d:\c++_save\2d_render\2d_render\debug\link-cvtres.read.1.tlog
d:\c++_save\2d_render\2d_render\debug\link-cvtres.write.1.tlog
d:\c++_save\2d_render\2d_render\debug\link.13240-cvtres.read.1.tlog
d:\c++_save\2d_render\2d_render\debug\link.13240-cvtres.write.1.tlog
d:\c++_save\2d_render\2d_render\debug\link.13240.read.1.tlog
d:\c++_save\2d_render\2d_render\debug\link.13240.write.1.tlog
d:\c++_save\2d_render\2d_render\debug\link.command.1.tlog
d:\c++_save\2d_render\2d_render\debug\link.read.1.tlog
d:\c++_save\2d_render\2d_render\debug\link.write.1.tlog
d:\c++_save\2d_render\2d_render\debug\mt.command.1.tlog
d:\c++_save\2d_render\2d_render\debug\mt.read.1.tlog
d:\c++_save\2d_render\2d_render\debug\mt.write.1.tlog
d:\c++_save\2d_render\2d_render\debug\rc.command.1.tlog
d:\c++_save\2d_render\2d_render\debug\rc.read.1.tlog
d:\c++_save\2d_render\2d_render\debug\rc.write.1.tlog
d:\c++_save\2d_render\2d_render\debug\vc100.idb
d:\c++_save\2d_render\2d_render\debug\2016_11_19_manifest.rc
