빌드 시작: 2017-12-05 오후 10:01:19
     1>2 노드의 "D:\c++_Save\2d_render\2d_render\2016_11_19.vcxproj" 프로젝트(Build 대상)입니다.
     1>ClCompile:
         D:\visual_studio_2010\VC\bin\CL.exe /c /ZI /nologo /W3 /WX- /Od /Oy- /D WIN32 /D _DEBUG /D _WINDOWS /D _UNICODE /D UNICODE /Gm /EHsc /MDd /GS /fp:precise /Zc:wchar_t /Zc:forScope /Fo"Debug\\" /Fd"Debug\vc100.pdb" /Gd /TP /analyze- /errorReport:prompt Source_code\Systemclass.cpp
         Systemclass.cpp
       Link:
         D:\visual_studio_2010\VC\bin\link.exe /ERRORREPORT:PROMPT /OUT:"D:\c++_Save\2d_render\2d_render\Debug\2016_11_19.exe" /INCREMENTAL /NOLOGO d3d11.lib D3DCompiler.lib dxerr.lib dxgi.lib dxguid.lib Effects11d.lib kernel32.lib user32.lib gdi32.lib winspool.lib comdlg32.lib advapi32.lib shell32.lib ole32.lib oleaut32.lib uuid.lib odbc32.lib odbccp32.lib /MANIFEST /ManifestFile:"Debug\2016_11_19.exe.intermediate.manifest" /MANIFESTUAC:"level='asInvoker' uiAccess='false'" /DEBUG /PDB:"D:\c++_Save\2d_render\2d_render\Debug\2016_11_19.pdb" /SUBSYSTEM:WINDOWS /TLBID:1 /DYNAMICBASE /NXCOMPAT /IMPLIB:"D:\c++_Save\2d_render\2d_render\Debug\2016_11_19.lib" /MACHINE:X86 Debug\2016_11_19.exe.embed.manifest.res
         Debug\bitmapclass.obj
         Debug\cameraclass.obj
         Debug\Cpuclass.obj
         Debug\D3dclass.obj
         Debug\Fontclass.obj
         Debug\Fpsclass.obj
         Debug\Graphicsclass.obj
         Debug\Inputclass.obj
         Debug\Main.obj
         Debug\Soundclass.obj
         Debug\Systemclass.obj
         Debug\Textclass.obj
         Debug\Textureclass.obj
         Debug\Fontshaderclass.obj
         Debug\Timeclass.obj
       Manifest:
         C:\Program Files (x86)\Microsoft SDKs\Windows\v7.0A\bin\mt.exe /nologo /verbose /out:"Debug\2016_11_19.exe.embed.manifest" /manifest Debug\2016_11_19.exe.intermediate.manifest
       LinkEmbedManifest:
         2016_11_19.vcxproj -> D:\c++_Save\2d_render\2d_render\Debug\2016_11_19.exe
     1>"D:\c++_Save\2d_render\2d_render\2016_11_19.vcxproj" 프로젝트를 빌드했습니다(Build 대상).

빌드했습니다.

경과 시간: 00:00:01.26
